*** Installation started 2012/12/23 00:51 ***
Source: C:\Develop\distrib\Python\lxml-2.3.6.win32-py2.7.exe
999 Root Key: HKEY_LOCAL_MACHINE
020 Reg DB Key: [Software\Microsoft\Windows\CurrentVersion\Uninstall]lxml-py2.7
040 Reg DB Value: [Software\Microsoft\Windows\CurrentVersion\Uninstall\lxml-py2.7]DisplayName=Python 2.7 lxml-2.3.6
040 Reg DB Value: [Software\Microsoft\Windows\CurrentVersion\Uninstall\lxml-py2.7]UninstallString="C:\Python27\Removelxml.exe" -u "C:\Python27\lxml-wininst.log"
100 Made Dir: C:\Python27\Lib\site-packages\lxml
200 File Copy: C:\Python27\Lib\site-packages\lxml\builder.py
200 File Copy: C:\Python27\Lib\site-packages\lxml\cssselect.py
200 File Copy: C:\Python27\Lib\site-packages\lxml\doctestcompare.py
200 File Copy: C:\Python27\Lib\site-packages\lxml\ElementInclude.py
200 File Copy: C:\Python27\Lib\site-packages\lxml\etree.pyd
200 File Copy: C:\Python27\Lib\site-packages\lxml\etreepublic.pxd
200 File Copy: C:\Python27\Lib\site-packages\lxml\etree_defs.h
200 File Copy: C:\Python27\Lib\site-packages\lxml\objectify.pyd
200 File Copy: C:\Python27\Lib\site-packages\lxml\pyclasslookup.py
200 File Copy: C:\Python27\Lib\site-packages\lxml\sax.py
200 File Copy: C:\Python27\Lib\site-packages\lxml\tree.pxd
200 File Copy: C:\Python27\Lib\site-packages\lxml\usedoctest.py
200 File Copy: C:\Python27\Lib\site-packages\lxml\_elementpath.py
200 File Copy: C:\Python27\Lib\site-packages\lxml\__init__.py
100 Made Dir: C:\Python27\Lib\site-packages\lxml\html
200 File Copy: C:\Python27\Lib\site-packages\lxml\html\builder.py
200 File Copy: C:\Python27\Lib\site-packages\lxml\html\clean.py
200 File Copy: C:\Python27\Lib\site-packages\lxml\html\defs.py
200 File Copy: C:\Python27\Lib\site-packages\lxml\html\diff.py
200 File Copy: C:\Python27\Lib\site-packages\lxml\html\ElementSoup.py
200 File Copy: C:\Python27\Lib\site-packages\lxml\html\formfill.py
200 File Copy: C:\Python27\Lib\site-packages\lxml\html\html5parser.py
200 File Copy: C:\Python27\Lib\site-packages\lxml\html\soupparser.py
200 File Copy: C:\Python27\Lib\site-packages\lxml\html\usedoctest.py
200 File Copy: C:\Python27\Lib\site-packages\lxml\html\_dictmixin.py
200 File Copy: C:\Python27\Lib\site-packages\lxml\html\_diffcommand.py
200 File Copy: C:\Python27\Lib\site-packages\lxml\html\_html5builder.py
200 File Copy: C:\Python27\Lib\site-packages\lxml\html\_setmixin.py
200 File Copy: C:\Python27\Lib\site-packages\lxml\html\__init__.py
100 Made Dir: C:\Python27\Lib\site-packages\lxml\isoschematron
200 File Copy: C:\Python27\Lib\site-packages\lxml\isoschematron\__init__.py
100 Made Dir: C:\Python27\Lib\site-packages\lxml\isoschematron\resources
100 Made Dir: C:\Python27\Lib\site-packages\lxml\isoschematron\resources\rng
200 File Copy: C:\Python27\Lib\site-packages\lxml\isoschematron\resources\rng\iso-schematron.rng
100 Made Dir: C:\Python27\Lib\site-packages\lxml\isoschematron\resources\xsl
200 File Copy: C:\Python27\Lib\site-packages\lxml\isoschematron\resources\xsl\RNG2Schtrn.xsl
200 File Copy: C:\Python27\Lib\site-packages\lxml\isoschematron\resources\xsl\XSD2Schtrn.xsl
100 Made Dir: C:\Python27\Lib\site-packages\lxml\isoschematron\resources\xsl\iso-schematron-xslt1
200 File Copy: C:\Python27\Lib\site-packages\lxml\isoschematron\resources\xsl\iso-schematron-xslt1\iso_abstract_expand.xsl
200 File Copy: C:\Python27\Lib\site-packages\lxml\isoschematron\resources\xsl\iso-schematron-xslt1\iso_dsdl_include.xsl
200 File Copy: C:\Python27\Lib\site-packages\lxml\isoschematron\resources\xsl\iso-schematron-xslt1\iso_schematron_message.xsl
200 File Copy: C:\Python27\Lib\site-packages\lxml\isoschematron\resources\xsl\iso-schematron-xslt1\iso_schematron_skeleton_for_xslt1.xsl
200 File Copy: C:\Python27\Lib\site-packages\lxml\isoschematron\resources\xsl\iso-schematron-xslt1\iso_svrl_for_xslt1.xsl
200 File Copy: C:\Python27\Lib\site-packages\lxml\isoschematron\resources\xsl\iso-schematron-xslt1\readme.txt
100 Made Dir: C:\Python27\Lib\site-packages\lxml-2.3.6-py2.7.egg-info
200 File Copy: C:\Python27\Lib\site-packages\lxml-2.3.6-py2.7.egg-info\dependency_links.txt
200 File Copy: C:\Python27\Lib\site-packages\lxml-2.3.6-py2.7.egg-info\not-zip-safe
200 File Copy: C:\Python27\Lib\site-packages\lxml-2.3.6-py2.7.egg-info\PKG-INFO
200 File Copy: C:\Python27\Lib\site-packages\lxml-2.3.6-py2.7.egg-info\SOURCES.txt
200 File Copy: C:\Python27\Lib\site-packages\lxml-2.3.6-py2.7.egg-info\top_level.txt
200 File Copy: C:\Python27\Lib\site-packages\lxml\isoschematron\__init__.pyc
200 File Copy: C:\Python27\Lib\site-packages\lxml\html\__init__.pyc
200 File Copy: C:\Python27\Lib\site-packages\lxml\html\_setmixin.pyc
200 File Copy: C:\Python27\Lib\site-packages\lxml\html\_html5builder.pyc
200 File Copy: C:\Python27\Lib\site-packages\lxml\html\_diffcommand.pyc
200 File Copy: C:\Python27\Lib\site-packages\lxml\html\_dictmixin.pyc
200 File Copy: C:\Python27\Lib\site-packages\lxml\html\usedoctest.pyc
200 File Copy: C:\Python27\Lib\site-packages\lxml\html\soupparser.pyc
200 File Copy: C:\Python27\Lib\site-packages\lxml\html\html5parser.pyc
200 File Copy: C:\Python27\Lib\site-packages\lxml\html\formfill.pyc
200 File Copy: C:\Python27\Lib\site-packages\lxml\html\ElementSoup.pyc
200 File Copy: C:\Python27\Lib\site-packages\lxml\html\diff.pyc
200 File Copy: C:\Python27\Lib\site-packages\lxml\html\defs.pyc
200 File Copy: C:\Python27\Lib\site-packages\lxml\html\clean.pyc
200 File Copy: C:\Python27\Lib\site-packages\lxml\html\builder.pyc
200 File Copy: C:\Python27\Lib\site-packages\lxml\__init__.pyc
200 File Copy: C:\Python27\Lib\site-packages\lxml\_elementpath.pyc
200 File Copy: C:\Python27\Lib\site-packages\lxml\usedoctest.pyc
200 File Copy: C:\Python27\Lib\site-packages\lxml\sax.pyc
200 File Copy: C:\Python27\Lib\site-packages\lxml\pyclasslookup.pyc
200 File Copy: C:\Python27\Lib\site-packages\lxml\ElementInclude.pyc
200 File Copy: C:\Python27\Lib\site-packages\lxml\doctestcompare.pyc
200 File Copy: C:\Python27\Lib\site-packages\lxml\cssselect.pyc
200 File Copy: C:\Python27\Lib\site-packages\lxml\builder.pyc
200 File Copy: C:\Python27\Lib\site-packages\lxml\isoschematron\__init__.pyo
200 File Copy: C:\Python27\Lib\site-packages\lxml\html\__init__.pyo
200 File Copy: C:\Python27\Lib\site-packages\lxml\html\_setmixin.pyo
200 File Copy: C:\Python27\Lib\site-packages\lxml\html\_html5builder.pyo
200 File Copy: C:\Python27\Lib\site-packages\lxml\html\_diffcommand.pyo
200 File Copy: C:\Python27\Lib\site-packages\lxml\html\_dictmixin.pyo
200 File Copy: C:\Python27\Lib\site-packages\lxml\html\usedoctest.pyo
200 File Copy: C:\Python27\Lib\site-packages\lxml\html\soupparser.pyo
200 File Copy: C:\Python27\Lib\site-packages\lxml\html\html5parser.pyo
200 File Copy: C:\Python27\Lib\site-packages\lxml\html\formfill.pyo
200 File Copy: C:\Python27\Lib\site-packages\lxml\html\ElementSoup.pyo
200 File Copy: C:\Python27\Lib\site-packages\lxml\html\diff.pyo
200 File Copy: C:\Python27\Lib\site-packages\lxml\html\defs.pyo
200 File Copy: C:\Python27\Lib\site-packages\lxml\html\clean.pyo
200 File Copy: C:\Python27\Lib\site-packages\lxml\html\builder.pyo
200 File Copy: C:\Python27\Lib\site-packages\lxml\__init__.pyo
200 File Copy: C:\Python27\Lib\site-packages\lxml\_elementpath.pyo
200 File Copy: C:\Python27\Lib\site-packages\lxml\usedoctest.pyo
200 File Copy: C:\Python27\Lib\site-packages\lxml\sax.pyo
200 File Copy: C:\Python27\Lib\site-packages\lxml\pyclasslookup.pyo
200 File Copy: C:\Python27\Lib\site-packages\lxml\ElementInclude.pyo
200 File Copy: C:\Python27\Lib\site-packages\lxml\doctestcompare.pyo
200 File Copy: C:\Python27\Lib\site-packages\lxml\cssselect.pyo
200 File Copy: C:\Python27\Lib\site-packages\lxml\builder.pyo
*** Installation started 2012/12/23 12:25 ***
Source: C:\Develop\distrib\Python\lxml-2.3.6.win32-py2.7.exe
999 Root Key: HKEY_LOCAL_MACHINE
040 Reg DB Value: [Software\Microsoft\Windows\CurrentVersion\Uninstall\lxml-py2.7]DisplayName=Python 2.7 lxml-2.3.6
040 Reg DB Value: [Software\Microsoft\Windows\CurrentVersion\Uninstall\lxml-py2.7]UninstallString="C:\Python27\Removelxml.exe" -u "C:\Python27\lxml-wininst.log"
200 File Copy: C:\Python27\Lib\site-packages\lxml\builder.py
200 File Copy: C:\Python27\Lib\site-packages\lxml\cssselect.py
200 File Copy: C:\Python27\Lib\site-packages\lxml\doctestcompare.py
200 File Copy: C:\Python27\Lib\site-packages\lxml\ElementInclude.py
200 File Copy: C:\Python27\Lib\site-packages\lxml\etree.pyd
200 File Copy: C:\Python27\Lib\site-packages\lxml\etreepublic.pxd
200 File Copy: C:\Python27\Lib\site-packages\lxml\etree_defs.h
200 File Copy: C:\Python27\Lib\site-packages\lxml\objectify.pyd
200 File Copy: C:\Python27\Lib\site-packages\lxml\pyclasslookup.py
200 File Copy: C:\Python27\Lib\site-packages\lxml\sax.py
200 File Copy: C:\Python27\Lib\site-packages\lxml\tree.pxd
200 File Copy: C:\Python27\Lib\site-packages\lxml\usedoctest.py
200 File Copy: C:\Python27\Lib\site-packages\lxml\_elementpath.py
200 File Copy: C:\Python27\Lib\site-packages\lxml\__init__.py
200 File Copy: C:\Python27\Lib\site-packages\lxml\html\builder.py
200 File Copy: C:\Python27\Lib\site-packages\lxml\html\clean.py
200 File Copy: C:\Python27\Lib\site-packages\lxml\html\defs.py
200 File Copy: C:\Python27\Lib\site-packages\lxml\html\diff.py
200 File Copy: C:\Python27\Lib\site-packages\lxml\html\ElementSoup.py
200 File Copy: C:\Python27\Lib\site-packages\lxml\html\formfill.py
200 File Copy: C:\Python27\Lib\site-packages\lxml\html\html5parser.py
200 File Copy: C:\Python27\Lib\site-packages\lxml\html\soupparser.py
200 File Copy: C:\Python27\Lib\site-packages\lxml\html\usedoctest.py
200 File Copy: C:\Python27\Lib\site-packages\lxml\html\_dictmixin.py
200 File Copy: C:\Python27\Lib\site-packages\lxml\html\_diffcommand.py
200 File Copy: C:\Python27\Lib\site-packages\lxml\html\_html5builder.py
200 File Copy: C:\Python27\Lib\site-packages\lxml\html\_setmixin.py
200 File Copy: C:\Python27\Lib\site-packages\lxml\html\__init__.py
200 File Copy: C:\Python27\Lib\site-packages\lxml\isoschematron\__init__.py
200 File Copy: C:\Python27\Lib\site-packages\lxml\isoschematron\resources\rng\iso-schematron.rng
200 File Copy: C:\Python27\Lib\site-packages\lxml\isoschematron\resources\xsl\RNG2Schtrn.xsl
200 File Copy: C:\Python27\Lib\site-packages\lxml\isoschematron\resources\xsl\XSD2Schtrn.xsl
200 File Copy: C:\Python27\Lib\site-packages\lxml\isoschematron\resources\xsl\iso-schematron-xslt1\iso_abstract_expand.xsl
200 File Copy: C:\Python27\Lib\site-packages\lxml\isoschematron\resources\xsl\iso-schematron-xslt1\iso_dsdl_include.xsl
200 File Copy: C:\Python27\Lib\site-packages\lxml\isoschematron\resources\xsl\iso-schematron-xslt1\iso_schematron_message.xsl
200 File Copy: C:\Python27\Lib\site-packages\lxml\isoschematron\resources\xsl\iso-schematron-xslt1\iso_schematron_skeleton_for_xslt1.xsl
200 File Copy: C:\Python27\Lib\site-packages\lxml\isoschematron\resources\xsl\iso-schematron-xslt1\iso_svrl_for_xslt1.xsl
200 File Copy: C:\Python27\Lib\site-packages\lxml\isoschematron\resources\xsl\iso-schematron-xslt1\readme.txt
200 File Copy: C:\Python27\Lib\site-packages\lxml-2.3.6-py2.7.egg-info\dependency_links.txt
200 File Copy: C:\Python27\Lib\site-packages\lxml-2.3.6-py2.7.egg-info\not-zip-safe
200 File Copy: C:\Python27\Lib\site-packages\lxml-2.3.6-py2.7.egg-info\PKG-INFO
200 File Copy: C:\Python27\Lib\site-packages\lxml-2.3.6-py2.7.egg-info\SOURCES.txt
200 File Copy: C:\Python27\Lib\site-packages\lxml-2.3.6-py2.7.egg-info\top_level.txt
200 File Copy: C:\Python27\Lib\site-packages\lxml\isoschematron\__init__.pyc
200 File Copy: C:\Python27\Lib\site-packages\lxml\html\__init__.pyc
200 File Copy: C:\Python27\Lib\site-packages\lxml\html\_setmixin.pyc
200 File Copy: C:\Python27\Lib\site-packages\lxml\html\_html5builder.pyc
200 File Copy: C:\Python27\Lib\site-packages\lxml\html\_diffcommand.pyc
200 File Copy: C:\Python27\Lib\site-packages\lxml\html\_dictmixin.pyc
200 File Copy: C:\Python27\Lib\site-packages\lxml\html\usedoctest.pyc
200 File Copy: C:\Python27\Lib\site-packages\lxml\html\soupparser.pyc
200 File Copy: C:\Python27\Lib\site-packages\lxml\html\html5parser.pyc
200 File Copy: C:\Python27\Lib\site-packages\lxml\html\formfill.pyc
200 File Copy: C:\Python27\Lib\site-packages\lxml\html\ElementSoup.pyc
200 File Copy: C:\Python27\Lib\site-packages\lxml\html\diff.pyc
200 File Copy: C:\Python27\Lib\site-packages\lxml\html\defs.pyc
200 File Copy: C:\Python27\Lib\site-packages\lxml\html\clean.pyc
200 File Copy: C:\Python27\Lib\site-packages\lxml\html\builder.pyc
200 File Copy: C:\Python27\Lib\site-packages\lxml\__init__.pyc
200 File Copy: C:\Python27\Lib\site-packages\lxml\_elementpath.pyc
200 File Copy: C:\Python27\Lib\site-packages\lxml\usedoctest.pyc
200 File Copy: C:\Python27\Lib\site-packages\lxml\sax.pyc
200 File Copy: C:\Python27\Lib\site-packages\lxml\pyclasslookup.pyc
200 File Copy: C:\Python27\Lib\site-packages\lxml\ElementInclude.pyc
200 File Copy: C:\Python27\Lib\site-packages\lxml\doctestcompare.pyc
200 File Copy: C:\Python27\Lib\site-packages\lxml\cssselect.pyc
200 File Copy: C:\Python27\Lib\site-packages\lxml\builder.pyc
200 File Copy: C:\Python27\Lib\site-packages\lxml\isoschematron\__init__.pyo
200 File Copy: C:\Python27\Lib\site-packages\lxml\html\__init__.pyo
200 File Copy: C:\Python27\Lib\site-packages\lxml\html\_setmixin.pyo
200 File Copy: C:\Python27\Lib\site-packages\lxml\html\_html5builder.pyo
200 File Copy: C:\Python27\Lib\site-packages\lxml\html\_diffcommand.pyo
200 File Copy: C:\Python27\Lib\site-packages\lxml\html\_dictmixin.pyo
200 File Copy: C:\Python27\Lib\site-packages\lxml\html\usedoctest.pyo
200 File Copy: C:\Python27\Lib\site-packages\lxml\html\soupparser.pyo
200 File Copy: C:\Python27\Lib\site-packages\lxml\html\html5parser.pyo
200 File Copy: C:\Python27\Lib\site-packages\lxml\html\formfill.pyo
200 File Copy: C:\Python27\Lib\site-packages\lxml\html\ElementSoup.pyo
200 File Copy: C:\Python27\Lib\site-packages\lxml\html\diff.pyo
200 File Copy: C:\Python27\Lib\site-packages\lxml\html\defs.pyo
200 File Copy: C:\Python27\Lib\site-packages\lxml\html\clean.pyo
200 File Copy: C:\Python27\Lib\site-packages\lxml\html\builder.pyo
200 File Copy: C:\Python27\Lib\site-packages\lxml\__init__.pyo
200 File Copy: C:\Python27\Lib\site-packages\lxml\_elementpath.pyo
200 File Copy: C:\Python27\Lib\site-packages\lxml\usedoctest.pyo
200 File Copy: C:\Python27\Lib\site-packages\lxml\sax.pyo
200 File Copy: C:\Python27\Lib\site-packages\lxml\pyclasslookup.pyo
200 File Copy: C:\Python27\Lib\site-packages\lxml\ElementInclude.pyo
200 File Copy: C:\Python27\Lib\site-packages\lxml\doctestcompare.pyo
200 File Copy: C:\Python27\Lib\site-packages\lxml\cssselect.pyo
200 File Copy: C:\Python27\Lib\site-packages\lxml\builder.pyo
