2014-09-25 03:07:08 NOVST WARNING:  pgstat wait timeout
2014-09-25 03:08:24 NOVST WARNING:  pgstat wait timeout
2014-09-25 03:28:24 NOVST WARNING:  pgstat wait timeout
2014-09-25 03:46:06 NOVST WARNING:  pgstat wait timeout
2014-09-25 03:52:06 NOVST WARNING:  pgstat wait timeout
2014-09-25 04:01:06 NOVST WARNING:  pgstat wait timeout
2014-09-25 04:01:11 NOVST WARNING:  pgstat wait timeout
2014-09-25 04:02:49 NOVST WARNING:  pgstat wait timeout
2014-09-25 04:03:06 NOVST WARNING:  pgstat wait timeout
2014-09-25 04:12:49 NOVST WARNING:  pgstat wait timeout
2014-09-25 04:13:25 NOVST WARNING:  pgstat wait timeout
2014-09-25 04:13:30 NOVST WARNING:  pgstat wait timeout
2014-09-25 17:26:01 NOVST WARNING:  pgstat wait timeout
2014-09-25 17:39:20 NOVST WARNING:  pgstat wait timeout
2014-09-25 17:39:26 NOVST WARNING:  pgstat wait timeout
2014-09-25 18:01:41 NOVST WARNING:  worker took too long to start; cancelled
2014-09-25 18:01:45 NOVST WARNING:  autovacuum worker started without a worker entry
2014-09-25 18:04:45 NOVST WARNING:  pgstat wait timeout
2014-09-25 18:04:54 NOVST WARNING:  pgstat wait timeout
2014-09-25 18:06:21 NOVST WARNING:  worker took too long to start; cancelled
2014-09-25 18:06:21 NOVST LOG:  server process (PID 6400) was terminated by exception 0xC000012D
2014-09-25 18:06:22 NOVST HINT:  See C include file "ntstatus.h" for a description of the hexadecimal value.
2014-09-25 18:06:22 NOVST LOG:  terminating any other active server processes
2014-09-25 18:06:26 NOVST WARNING:  pgstat wait timeout
2014-09-25 18:07:26 NOVST WARNING:  terminating connection because of crash of another server process
2014-09-25 18:07:26 NOVST DETAIL:  The postmaster has commanded this server process to roll back the current transaction and exit, because another server process exited abnormally and possibly corrupted shared memory.
2014-09-25 18:07:26 NOVST HINT:  In a moment you should be able to reconnect to the database and repeat your command.
2014-09-25 18:08:07 NOVST LOG:  all server processes terminated; reinitializing
2014-09-25 18:08:07 NOVST FATAL:  could not create shared memory segment: 1455
2014-09-25 18:08:07 NOVST DETAIL:  Failed system call was CreateFileMapping(size=37142528, name=Global/PostgreSQL:C:/workspace/Develop/projects/db/postgres).
