2014-10-09 02:23:00 NOVST ERROR:  column calc_order.order_datetime does not exist at character 83
2014-10-09 02:23:00 NOVST STATEMENT:  SELECT "calc_order"."id", "calc_order"."client_id", "calc_order"."order_type_id", "calc_order"."order_datetime", "calc_order"."title", "calc_order"."deadline_date", "calc_order"."start_date", "calc_order"."end_date", "calc_order"."size_type_id", "calc_order"."page_amount", "calc_order"."circ", "calc_order"."price", "calc_order"."given_price" FROM "calc_order" WHERE UPPER("calc_order"."id"::text) = UPPER(E'1') 
2014-10-09 02:23:00 NOVST ERROR:  column calc_order.order_datetime does not exist at character 83
2014-10-09 02:23:00 NOVST STATEMENT:  SELECT "calc_order"."id", "calc_order"."client_id", "calc_order"."order_type_id", "calc_order"."order_datetime", "calc_order"."title", "calc_order"."deadline_date", "calc_order"."start_date", "calc_order"."end_date", "calc_order"."size_type_id", "calc_order"."page_amount", "calc_order"."circ", "calc_order"."price", "calc_order"."given_price" FROM "calc_order" LIMIT 21
2014-10-09 02:23:00 NOVST ERROR:  column calc_order.order_datetime does not exist at character 83
2014-10-09 02:23:00 NOVST STATEMENT:  SELECT "calc_order"."id", "calc_order"."client_id", "calc_order"."order_type_id", "calc_order"."order_datetime", "calc_order"."title", "calc_order"."deadline_date", "calc_order"."start_date", "calc_order"."end_date", "calc_order"."size_type_id", "calc_order"."page_amount", "calc_order"."circ", "calc_order"."price", "calc_order"."given_price" FROM "calc_order" WHERE UPPER("calc_order"."id"::text) = UPPER(E'1')  LIMIT 21
2014-10-09 02:23:00 NOVST ERROR:  column calc_order.order_datetime does not exist at character 83
2014-10-09 02:23:00 NOVST STATEMENT:  SELECT "calc_order"."id", "calc_order"."client_id", "calc_order"."order_type_id", "calc_order"."order_datetime", "calc_order"."title", "calc_order"."deadline_date", "calc_order"."start_date", "calc_order"."end_date", "calc_order"."size_type_id", "calc_order"."page_amount", "calc_order"."circ", "calc_order"."price", "calc_order"."given_price" FROM "calc_order" LIMIT 21
2014-10-09 02:23:00 NOVST ERROR:  column calc_order.order_datetime does not exist at character 83
2014-10-09 02:23:00 NOVST STATEMENT:  SELECT "calc_order"."id", "calc_order"."client_id", "calc_order"."order_type_id", "calc_order"."order_datetime", "calc_order"."title", "calc_order"."deadline_date", "calc_order"."start_date", "calc_order"."end_date", "calc_order"."size_type_id", "calc_order"."page_amount", "calc_order"."circ", "calc_order"."price", "calc_order"."given_price" FROM "calc_order" WHERE UPPER("calc_order"."id"::text) = UPPER(E'1')  LIMIT 21
2014-10-09 02:23:00 NOVST ERROR:  column calc_order.order_datetime does not exist at character 83
2014-10-09 02:23:00 NOVST STATEMENT:  SELECT "calc_order"."id", "calc_order"."client_id", "calc_order"."order_type_id", "calc_order"."order_datetime", "calc_order"."title", "calc_order"."deadline_date", "calc_order"."start_date", "calc_order"."end_date", "calc_order"."size_type_id", "calc_order"."page_amount", "calc_order"."circ", "calc_order"."price", "calc_order"."given_price" FROM "calc_order" WHERE UPPER("calc_order"."id"::text) = UPPER(E'1')  LIMIT 21
2014-10-09 02:23:00 NOVST ERROR:  column calc_order.order_datetime does not exist at character 83
2014-10-09 02:23:00 NOVST STATEMENT:  SELECT "calc_order"."id", "calc_order"."client_id", "calc_order"."order_type_id", "calc_order"."order_datetime", "calc_order"."title", "calc_order"."deadline_date", "calc_order"."start_date", "calc_order"."end_date", "calc_order"."size_type_id", "calc_order"."page_amount", "calc_order"."circ", "calc_order"."price", "calc_order"."given_price" FROM "calc_order" WHERE UPPER("calc_order"."id"::text) = UPPER(E'1')  LIMIT 21
2014-10-09 02:34:35 NOVST ERROR:  column calc_order.order_datetime does not exist at character 83
2014-10-09 02:34:35 NOVST STATEMENT:  SELECT "calc_order"."id", "calc_order"."client_id", "calc_order"."order_type_id", "calc_order"."order_datetime", "calc_order"."title", "calc_order"."deadline_date", "calc_order"."start_date", "calc_order"."end_date", "calc_order"."size_type_id", "calc_order"."page_amount", "calc_order"."circ", "calc_order"."price", "calc_order"."given_price" FROM "calc_order" WHERE UPPER("calc_order"."id"::text) = UPPER(E'2') 
2014-10-09 02:34:35 NOVST ERROR:  column calc_order.order_datetime does not exist at character 83
2014-10-09 02:34:35 NOVST STATEMENT:  SELECT "calc_order"."id", "calc_order"."client_id", "calc_order"."order_type_id", "calc_order"."order_datetime", "calc_order"."title", "calc_order"."deadline_date", "calc_order"."start_date", "calc_order"."end_date", "calc_order"."size_type_id", "calc_order"."page_amount", "calc_order"."circ", "calc_order"."price", "calc_order"."given_price" FROM "calc_order" LIMIT 21
2014-10-09 02:34:35 NOVST ERROR:  column calc_order.order_datetime does not exist at character 83
2014-10-09 02:34:35 NOVST STATEMENT:  SELECT "calc_order"."id", "calc_order"."client_id", "calc_order"."order_type_id", "calc_order"."order_datetime", "calc_order"."title", "calc_order"."deadline_date", "calc_order"."start_date", "calc_order"."end_date", "calc_order"."size_type_id", "calc_order"."page_amount", "calc_order"."circ", "calc_order"."price", "calc_order"."given_price" FROM "calc_order" WHERE UPPER("calc_order"."id"::text) = UPPER(E'2')  LIMIT 21
2014-10-09 02:34:35 NOVST ERROR:  column calc_order.order_datetime does not exist at character 83
2014-10-09 02:34:35 NOVST STATEMENT:  SELECT "calc_order"."id", "calc_order"."client_id", "calc_order"."order_type_id", "calc_order"."order_datetime", "calc_order"."title", "calc_order"."deadline_date", "calc_order"."start_date", "calc_order"."end_date", "calc_order"."size_type_id", "calc_order"."page_amount", "calc_order"."circ", "calc_order"."price", "calc_order"."given_price" FROM "calc_order" LIMIT 21
2014-10-09 02:34:35 NOVST ERROR:  column calc_order.order_datetime does not exist at character 83
2014-10-09 02:34:35 NOVST STATEMENT:  SELECT "calc_order"."id", "calc_order"."client_id", "calc_order"."order_type_id", "calc_order"."order_datetime", "calc_order"."title", "calc_order"."deadline_date", "calc_order"."start_date", "calc_order"."end_date", "calc_order"."size_type_id", "calc_order"."page_amount", "calc_order"."circ", "calc_order"."price", "calc_order"."given_price" FROM "calc_order" WHERE UPPER("calc_order"."id"::text) = UPPER(E'2')  LIMIT 21
2014-10-09 02:34:35 NOVST ERROR:  column calc_order.order_datetime does not exist at character 83
2014-10-09 02:34:35 NOVST STATEMENT:  SELECT "calc_order"."id", "calc_order"."client_id", "calc_order"."order_type_id", "calc_order"."order_datetime", "calc_order"."title", "calc_order"."deadline_date", "calc_order"."start_date", "calc_order"."end_date", "calc_order"."size_type_id", "calc_order"."page_amount", "calc_order"."circ", "calc_order"."price", "calc_order"."given_price" FROM "calc_order" WHERE UPPER("calc_order"."id"::text) = UPPER(E'2')  LIMIT 21
2014-10-09 02:34:35 NOVST ERROR:  column calc_order.order_datetime does not exist at character 83
2014-10-09 02:34:35 NOVST STATEMENT:  SELECT "calc_order"."id", "calc_order"."client_id", "calc_order"."order_type_id", "calc_order"."order_datetime", "calc_order"."title", "calc_order"."deadline_date", "calc_order"."start_date", "calc_order"."end_date", "calc_order"."size_type_id", "calc_order"."page_amount", "calc_order"."circ", "calc_order"."price", "calc_order"."given_price" FROM "calc_order" WHERE UPPER("calc_order"."id"::text) = UPPER(E'2')  LIMIT 21
2014-10-09 16:33:25 NOVST WARNING:  pgstat wait timeout
2014-10-09 17:08:25 NOVST WARNING:  pgstat wait timeout
