2013-10-29 12:37:39 NOVT LOG:  database system was shut down at 2013-10-29 12:37:02 NOVT
2013-10-29 12:37:39 NOVT LOG:  database system is ready to accept connections
2013-10-29 12:37:39 NOVT LOG:  autovacuum launcher started
2013-10-29 16:07:29 NOVT ERROR:  relation "calc_ordertype_size" does not exist at character 118
2013-10-29 16:07:29 NOVT STATEMENT:  SELECT "calc_sizetype"."id", "calc_sizetype"."title", "calc_sizetype"."amount_on_ps" FROM "calc_sizetype" INNER JOIN "calc_ordertype_size" ON ("calc_sizetype"."id" = "calc_ordertype_size"."sizetype_id") WHERE "calc_ordertype_size"."ordertype_id" = 6 
2013-10-29 16:07:57 NOVT ERROR:  relation "calc_ordertype_size" does not exist at character 118
2013-10-29 16:07:57 NOVT STATEMENT:  SELECT "calc_sizetype"."id", "calc_sizetype"."title", "calc_sizetype"."amount_on_ps" FROM "calc_sizetype" INNER JOIN "calc_ordertype_size" ON ("calc_sizetype"."id" = "calc_ordertype_size"."sizetype_id") WHERE "calc_ordertype_size"."ordertype_id" = 5 
2013-10-29 21:00:40 NOVT ERROR:  cannot drop table calc_sizetype because other objects depend on it
2013-10-29 21:00:40 NOVT DETAIL:  constraint calc_order_size_id_fkey on table calc_order depends on table calc_sizetype
2013-10-29 21:00:40 NOVT HINT:  Use DROP ... CASCADE to drop the dependent objects too.
2013-10-29 21:00:40 NOVT STATEMENT:  DROP TABLE public.calc_sizetype
2013-10-29 21:23:08 NOVT ERROR:  relation "calc_ordertype_size_type_id_seq" does not exist
2013-10-29 21:23:08 NOVT STATEMENT:  ALTER TABLE calc_ordertype_size_type
	   ALTER COLUMN id SET DEFAULT nextval('calc_ordertype_size_type_id_seq'::regclass);
	
2013-10-29 22:09:19 NOVT ERROR:  syntax error at or near ")" at character 109
2013-10-29 22:09:19 NOVT STATEMENT:  ALTER TABLE calc_ordertype_size_type ADD CONSTRAINT calc_ordertype_size_type_ordertype_id_fkey FOREIGN KEY () REFERENCES calc_ordertype ()
	   ON UPDATE NO ACTION ON DELETE NO ACTION;
	
2013-10-29 22:12:32 NOVT ERROR:  relation "calc_ordertype_size" does not exist at character 118
2013-10-29 22:12:32 NOVT STATEMENT:  SELECT "calc_sizetype"."id", "calc_sizetype"."title", "calc_sizetype"."amount_on_ps" FROM "calc_sizetype" INNER JOIN "calc_ordertype_size" ON ("calc_sizetype"."id" = "calc_ordertype_size"."sizetype_id") WHERE "calc_ordertype_size"."ordertype_id" = 6 
2013-10-29 22:16:28 NOVT ERROR:  relation "calc_ordertype_size" does not exist at character 118
2013-10-29 22:16:28 NOVT STATEMENT:  SELECT "calc_sizetype"."id", "calc_sizetype"."title", "calc_sizetype"."amount_on_ps" FROM "calc_sizetype" INNER JOIN "calc_ordertype_size" ON ("calc_sizetype"."id" = "calc_ordertype_size"."sizetype_id") WHERE "calc_ordertype_size"."ordertype_id" = 5 
