2011-08-30 22:05:42 NOVST FATAL:  the database system is starting up
2011-08-30 22:05:42 NOVST LOG:  database system was shut down at 2011-08-30 22:03:44 NOVST
2011-08-30 22:05:42 NOVST LOG:  database system is ready to accept connections
2011-08-30 22:05:43 NOVST LOG:  autovacuum launcher started
2011-08-30 23:40:35 NOVST FATAL:  password authentication failed for user "posgres"
2011-08-30 23:40:36 NOVST FATAL:  password authentication failed for user "posgres"
2011-08-30 23:40:36 NOVST FATAL:  password authentication failed for user "posgres"
2011-08-30 23:40:36 NOVST FATAL:  password authentication failed for user "posgres"
2011-08-30 23:40:36 NOVST FATAL:  password authentication failed for user "posgres"
2011-08-30 23:40:36 NOVST FATAL:  password authentication failed for user "posgres"
2011-08-30 23:40:37 NOVST FATAL:  password authentication failed for user "posgres"
2011-08-30 23:40:37 NOVST FATAL:  password authentication failed for user "posgres"
2011-08-30 23:40:37 NOVST FATAL:  password authentication failed for user "posgres"
2011-08-30 23:40:37 NOVST FATAL:  password authentication failed for user "posgres"
2011-08-30 23:46:38 NOVST ERROR:  relation "django_admin_log" does not exist at character 668
2011-08-30 23:46:38 NOVST STATEMENT:  SELECT "django_admin_log"."id", "django_admin_log"."action_time", "django_admin_log"."user_id", "django_admin_log"."content_type_id", "django_admin_log"."object_id", "django_admin_log"."object_repr", "django_admin_log"."action_flag", "django_admin_log"."change_message", "auth_user"."id", "auth_user"."username", "auth_user"."first_name", "auth_user"."last_name", "auth_user"."email", "auth_user"."password", "auth_user"."is_staff", "auth_user"."is_active", "auth_user"."is_superuser", "auth_user"."last_login", "auth_user"."date_joined", "django_content_type"."id", "django_content_type"."name", "django_content_type"."app_label", "django_content_type"."model" FROM "django_admin_log" INNER JOIN "auth_user" ON ("django_admin_log"."user_id" = "auth_user"."id") LEFT OUTER JOIN "django_content_type" ON ("django_admin_log"."content_type_id" = "django_content_type"."id") WHERE "django_admin_log"."user_id" = 1  ORDER BY "django_admin_log"."action_time" DESC LIMIT 10
2011-08-30 23:52:23 NOVST ERROR:  relation "django_admin_log" does not exist at character 668
2011-08-30 23:52:23 NOVST STATEMENT:  SELECT "django_admin_log"."id", "django_admin_log"."action_time", "django_admin_log"."user_id", "django_admin_log"."content_type_id", "django_admin_log"."object_id", "django_admin_log"."object_repr", "django_admin_log"."action_flag", "django_admin_log"."change_message", "auth_user"."id", "auth_user"."username", "auth_user"."first_name", "auth_user"."last_name", "auth_user"."email", "auth_user"."password", "auth_user"."is_staff", "auth_user"."is_active", "auth_user"."is_superuser", "auth_user"."last_login", "auth_user"."date_joined", "django_content_type"."id", "django_content_type"."name", "django_content_type"."app_label", "django_content_type"."model" FROM "django_admin_log" INNER JOIN "auth_user" ON ("django_admin_log"."user_id" = "auth_user"."id") LEFT OUTER JOIN "django_content_type" ON ("django_admin_log"."content_type_id" = "django_content_type"."id") WHERE "django_admin_log"."user_id" = 1  ORDER BY "django_admin_log"."action_time" DESC LIMIT 10
2011-08-30 23:58:01 NOVST WARNING:  pgstat wait timeout
2011-08-30 23:58:09 NOVST WARNING:  pgstat wait timeout
