2013-09-07 13:56:46 NOVST LOG:  could not write temporary statistics file "pg_stat_tmp/pgstat.tmp": No space left on device
2013-09-07 13:56:47 NOVST LOG:  could not write temporary statistics file "pg_stat_tmp/pgstat.tmp": No space left on device
2013-09-07 13:56:47 NOVST LOG:  could not write temporary statistics file "pg_stat_tmp/pgstat.tmp": No space left on device
2013-09-07 13:56:47 NOVST LOG:  could not write temporary statistics file "pg_stat_tmp/pgstat.tmp": No space left on device
2013-09-07 13:56:52 NOVST WARNING:  pgstat wait timeout
2013-09-07 14:00:08 NOVST LOG:  could not write temporary statistics file "pg_stat_tmp/pgstat.tmp": No space left on device
2013-09-07 14:00:08 NOVST LOG:  could not write temporary statistics file "pg_stat_tmp/pgstat.tmp": No space left on device
2013-09-07 14:00:08 NOVST LOG:  could not write temporary statistics file "pg_stat_tmp/pgstat.tmp": No space left on device
2013-09-07 14:00:08 NOVST LOG:  could not write temporary statistics file "pg_stat_tmp/pgstat.tmp": No space left on device
2013-09-07 14:00:08 NOVST LOG:  could not write temporary statistics file "pg_stat_tmp/pgstat.tmp": No space left on device
2013-09-07 14:00:08 NOVST LOG:  could not write temporary statistics file "pg_stat_tmp/pgstat.tmp": No space left on device
2013-09-07 14:00:08 NOVST LOG:  could not write temporary statistics file "pg_stat_tmp/pgstat.tmp": No space left on device
2013-09-07 14:00:08 NOVST LOG:  could not write temporary statistics file "pg_stat_tmp/pgstat.tmp": No space left on device
2013-09-07 14:00:08 NOVST LOG:  could not write temporary statistics file "pg_stat_tmp/pgstat.tmp": No space left on device
2013-09-07 14:00:08 NOVST LOG:  could not write temporary statistics file "pg_stat_tmp/pgstat.tmp": No space left on device
2013-09-07 14:00:08 NOVST LOG:  could not write temporary statistics file "pg_stat_tmp/pgstat.tmp": No space left on device
2013-09-07 14:00:08 NOVST LOG:  could not write temporary statistics file "pg_stat_tmp/pgstat.tmp": No space left on device
2013-09-07 14:00:08 NOVST LOG:  could not write temporary statistics file "pg_stat_tmp/pgstat.tmp": No space left on device
2013-09-07 14:00:08 NOVST LOG:  could not write temporary statistics file "pg_stat_tmp/pgstat.tmp": No space left on device
2013-09-07 14:00:08 NOVST LOG:  could not write temporary statistics file "pg_stat_tmp/pgstat.tmp": No space left on device
2013-09-07 14:00:08 NOVST LOG:  could not write temporary statistics file "pg_stat_tmp/pgstat.tmp": No space left on device
2013-09-07 14:00:08 NOVST LOG:  could not write temporary statistics file "pg_stat_tmp/pgstat.tmp": No space left on device
2013-09-07 14:00:08 NOVST LOG:  could not write temporary statistics file "pg_stat_tmp/pgstat.tmp": No space left on device
2013-09-07 14:00:08 NOVST LOG:  could not write temporary statistics file "pg_stat_tmp/pgstat.tmp": No space left on device
2013-09-07 14:00:08 NOVST LOG:  could not write temporary statistics file "pg_stat_tmp/pgstat.tmp": No space left on device
2013-09-07 14:00:08 NOVST LOG:  could not write temporary statistics file "pg_stat_tmp/pgstat.tmp": No space left on device
2013-09-07 14:00:08 NOVST LOG:  could not write temporary statistics file "pg_stat_tmp/pgstat.tmp": No space left on device
2013-09-07 14:00:08 NOVST LOG:  could not write temporary statistics file "pg_stat_tmp/pgstat.tmp": No space left on device
2013-09-07 14:00:08 NOVST LOG:  could not write temporary statistics file "pg_stat_tmp/pgstat.tmp": No space left on device
2013-09-07 14:00:08 NOVST LOG:  could not write temporary statistics file "pg_stat_tmp/pgstat.tmp": No space left on device
2013-09-07 14:00:08 NOVST LOG:  could not write temporary statistics file "pg_stat_tmp/pgstat.tmp": No space left on device
2013-09-07 14:00:08 NOVST LOG:  could not write temporary statistics file "pg_stat_tmp/pgstat.tmp": No space left on device
2013-09-07 14:00:08 NOVST LOG:  could not write temporary statistics file "pg_stat_tmp/pgstat.tmp": No space left on device
2013-09-07 14:00:08 NOVST LOG:  could not write temporary statistics file "pg_stat_tmp/pgstat.tmp": No space left on device
2013-09-07 14:00:08 NOVST LOG:  could not write temporary statistics file "pg_stat_tmp/pgstat.tmp": No space left on device
2013-09-07 14:00:08 NOVST LOG:  could not write temporary statistics file "pg_stat_tmp/pgstat.tmp": No space left on device
2013-09-07 14:00:08 NOVST LOG:  could not write temporary statistics file "pg_stat_tmp/pgstat.tmp": No space left on device
2013-09-07 14:00:08 NOVST LOG:  could not write temporary statistics file "pg_stat_tmp/pgstat.tmp": No space left on device
2013-09-07 14:00:08 NOVST LOG:  could not write temporary statistics file "pg_stat_tmp/pgstat.tmp": No space left on device
2013-09-07 14:00:08 NOVST LOG:  could not write temporary statistics file "pg_stat_tmp/pgstat.tmp": No space left on device
2013-09-07 14:00:08 NOVST LOG:  could not write temporary statistics file "pg_stat_tmp/pgstat.tmp": No space left on device
2013-09-07 14:00:08 NOVST LOG:  could not write temporary statistics file "pg_stat_tmp/pgstat.tmp": No space left on device
2013-09-07 14:00:08 NOVST LOG:  could not write temporary statistics file "pg_stat_tmp/pgstat.tmp": No space left on device
2013-09-07 14:00:08 NOVST LOG:  could not write temporary statistics file "pg_stat_tmp/pgstat.tmp": No space left on device
2013-09-07 14:00:08 NOVST LOG:  could not write temporary statistics file "pg_stat_tmp/pgstat.tmp": No space left on device
2013-09-07 14:00:08 NOVST LOG:  could not write temporary statistics file "pg_stat_tmp/pgstat.tmp": No space left on device
2013-09-07 14:00:08 NOVST LOG:  could not write temporary statistics file "pg_stat_tmp/pgstat.tmp": No space left on device
2013-09-07 14:00:08 NOVST LOG:  could not write temporary statistics file "pg_stat_tmp/pgstat.tmp": No space left on device
2013-09-07 14:00:08 NOVST LOG:  could not write temporary statistics file "pg_stat_tmp/pgstat.tmp": No space left on device
2013-09-07 14:00:08 NOVST LOG:  could not write temporary statistics file "pg_stat_tmp/pgstat.tmp": No space left on device
2013-09-07 14:00:08 NOVST LOG:  could not write temporary statistics file "pg_stat_tmp/pgstat.tmp": No space left on device
2013-09-07 14:00:08 NOVST LOG:  could not write temporary statistics file "pg_stat_tmp/pgstat.tmp": No space left on device
2013-09-07 14:00:08 NOVST LOG:  could not write temporary statistics file "pg_stat_tmp/pgstat.tmp": No space left on device
2013-09-07 14:00:08 NOVST LOG:  could not write temporary statistics file "pg_stat_tmp/pgstat.tmp": No space left on device
2013-09-07 14:00:08 NOVST LOG:  could not write temporary statistics file "pg_stat_tmp/pgstat.tmp": No space left on device
2013-09-07 14:00:08 NOVST LOG:  could not write temporary statistics file "pg_stat_tmp/pgstat.tmp": No space left on device
2013-09-07 14:00:08 NOVST LOG:  could not write temporary statistics file "pg_stat_tmp/pgstat.tmp": No space left on device
2013-09-07 14:00:08 NOVST LOG:  could not write temporary statistics file "pg_stat_tmp/pgstat.tmp": No space left on device
2013-09-07 14:00:08 NOVST LOG:  could not write temporary statistics file "pg_stat_tmp/pgstat.tmp": No space left on device
2013-09-07 14:00:08 NOVST LOG:  could not write temporary statistics file "pg_stat_tmp/pgstat.tmp": No space left on device
2013-09-07 14:00:08 NOVST LOG:  could not write temporary statistics file "pg_stat_tmp/pgstat.tmp": No space left on device
2013-09-07 14:00:08 NOVST LOG:  could not write temporary statistics file "pg_stat_tmp/pgstat.tmp": No space left on device
2013-09-07 14:00:08 NOVST LOG:  could not write temporary statistics file "pg_stat_tmp/pgstat.tmp": No space left on device
2013-09-07 14:00:08 NOVST LOG:  could not write temporary statistics file "pg_stat_tmp/pgstat.tmp": No space left on device
2013-09-07 14:00:08 NOVST LOG:  could not write temporary statistics file "pg_stat_tmp/pgstat.tmp": No space left on device
2013-09-07 14:00:08 NOVST LOG:  could not write temporary statistics file "pg_stat_tmp/pgstat.tmp": No space left on device
2013-09-07 14:00:08 NOVST LOG:  could not write temporary statistics file "pg_stat_tmp/pgstat.tmp": No space left on device
2013-09-07 14:00:08 NOVST LOG:  could not write temporary statistics file "pg_stat_tmp/pgstat.tmp": No space left on device
2013-09-07 14:00:08 NOVST LOG:  could not write temporary statistics file "pg_stat_tmp/pgstat.tmp": No space left on device
2013-09-07 14:00:08 NOVST LOG:  could not write temporary statistics file "pg_stat_tmp/pgstat.tmp": No space left on device
2013-09-07 14:00:08 NOVST LOG:  could not write temporary statistics file "pg_stat_tmp/pgstat.tmp": No space left on device
2013-09-07 14:00:08 NOVST LOG:  could not write temporary statistics file "pg_stat_tmp/pgstat.tmp": No space left on device
2013-09-07 14:00:09 NOVST LOG:  could not write temporary statistics file "pg_stat_tmp/pgstat.tmp": No space left on device
2013-09-07 14:00:09 NOVST LOG:  could not write temporary statistics file "pg_stat_tmp/pgstat.tmp": No space left on device
2013-09-07 14:00:09 NOVST LOG:  could not write temporary statistics file "pg_stat_tmp/pgstat.tmp": No space left on device
2013-09-07 14:00:09 NOVST LOG:  could not write temporary statistics file "pg_stat_tmp/pgstat.tmp": No space left on device
2013-09-07 14:00:09 NOVST LOG:  could not write temporary statistics file "pg_stat_tmp/pgstat.tmp": No space left on device
2013-09-07 14:00:09 NOVST LOG:  could not write temporary statistics file "pg_stat_tmp/pgstat.tmp": No space left on device
2013-09-07 14:00:09 NOVST LOG:  could not write temporary statistics file "pg_stat_tmp/pgstat.tmp": No space left on device
2013-09-07 14:00:09 NOVST LOG:  could not write temporary statistics file "pg_stat_tmp/pgstat.tmp": No space left on device
2013-09-07 14:00:09 NOVST LOG:  could not write temporary statistics file "pg_stat_tmp/pgstat.tmp": No space left on device
2013-09-07 14:00:09 NOVST LOG:  could not write temporary statistics file "pg_stat_tmp/pgstat.tmp": No space left on device
2013-09-07 14:00:09 NOVST LOG:  could not write temporary statistics file "pg_stat_tmp/pgstat.tmp": No space left on device
2013-09-07 14:00:09 NOVST LOG:  could not write temporary statistics file "pg_stat_tmp/pgstat.tmp": No space left on device
2013-09-07 14:00:09 NOVST LOG:  could not write temporary statistics file "pg_stat_tmp/pgstat.tmp": No space left on device
2013-09-07 14:00:09 NOVST LOG:  could not write temporary statistics file "pg_stat_tmp/pgstat.tmp": No space left on device
2013-09-07 14:00:09 NOVST LOG:  could not write temporary statistics file "pg_stat_tmp/pgstat.tmp": No space left on device
2013-09-07 14:00:09 NOVST LOG:  could not write temporary statistics file "pg_stat_tmp/pgstat.tmp": No space left on device
2013-09-07 14:00:09 NOVST LOG:  could not write temporary statistics file "pg_stat_tmp/pgstat.tmp": No space left on device
2013-09-07 14:00:09 NOVST LOG:  could not write temporary statistics file "pg_stat_tmp/pgstat.tmp": No space left on device
2013-09-07 14:00:09 NOVST LOG:  could not write temporary statistics file "pg_stat_tmp/pgstat.tmp": No space left on device
2013-09-07 14:00:09 NOVST LOG:  could not write temporary statistics file "pg_stat_tmp/pgstat.tmp": No space left on device
2013-09-07 14:00:09 NOVST LOG:  could not write temporary statistics file "pg_stat_tmp/pgstat.tmp": No space left on device
2013-09-07 14:00:09 NOVST LOG:  could not write temporary statistics file "pg_stat_tmp/pgstat.tmp": No space left on device
2013-09-07 14:00:09 NOVST LOG:  could not write temporary statistics file "pg_stat_tmp/pgstat.tmp": No space left on device
2013-09-07 14:00:09 NOVST LOG:  could not write temporary statistics file "pg_stat_tmp/pgstat.tmp": No space left on device
2013-09-07 14:00:09 NOVST LOG:  could not write temporary statistics file "pg_stat_tmp/pgstat.tmp": No space left on device
2013-09-07 14:00:09 NOVST LOG:  could not write temporary statistics file "pg_stat_tmp/pgstat.tmp": No space left on device
2013-09-07 14:00:09 NOVST LOG:  could not write temporary statistics file "pg_stat_tmp/pgstat.tmp": No space left on device
2013-09-07 14:00:09 NOVST LOG:  could not write temporary statistics file "pg_stat_tmp/pgstat.tmp": No space left on device
2013-09-07 14:00:09 NOVST LOG:  could not write temporary statistics file "pg_stat_tmp/pgstat.tmp": No space left on device
2013-09-07 14:00:09 NOVST LOG:  could not write temporary statistics file "pg_stat_tmp/pgstat.tmp": No space left on device
2013-09-07 14:00:09 NOVST LOG:  could not write temporary statistics file "pg_stat_tmp/pgstat.tmp": No space left on device
2013-09-07 14:00:09 NOVST LOG:  could not write temporary statistics file "pg_stat_tmp/pgstat.tmp": No space left on device
2013-09-07 14:00:09 NOVST LOG:  could not write temporary statistics file "pg_stat_tmp/pgstat.tmp": No space left on device
2013-09-07 14:00:09 NOVST LOG:  could not write temporary statistics file "pg_stat_tmp/pgstat.tmp": No space left on device
2013-09-07 14:00:09 NOVST LOG:  could not write temporary statistics file "pg_stat_tmp/pgstat.tmp": No space left on device
2013-09-07 14:00:09 NOVST LOG:  could not write temporary statistics file "pg_stat_tmp/pgstat.tmp": No space left on device
2013-09-07 14:00:09 NOVST LOG:  could not write temporary statistics file "pg_stat_tmp/pgstat.tmp": No space left on device
2013-09-07 14:00:09 NOVST LOG:  could not write temporary statistics file "pg_stat_tmp/pgstat.tmp": No space left on device
2013-09-07 14:00:09 NOVST LOG:  could not write temporary statistics file "pg_stat_tmp/pgstat.tmp": No space left on device
2013-09-07 14:00:09 NOVST LOG:  could not write temporary statistics file "pg_stat_tmp/pgstat.tmp": No space left on device
2013-09-07 14:00:09 NOVST LOG:  could not write temporary statistics file "pg_stat_tmp/pgstat.tmp": No space left on device
2013-09-07 14:00:09 NOVST LOG:  could not write temporary statistics file "pg_stat_tmp/pgstat.tmp": No space left on device
2013-09-07 14:00:09 NOVST LOG:  could not write temporary statistics file "pg_stat_tmp/pgstat.tmp": No space left on device
2013-09-07 14:00:09 NOVST LOG:  could not write temporary statistics file "pg_stat_tmp/pgstat.tmp": No space left on device
2013-09-07 14:00:09 NOVST LOG:  could not write temporary statistics file "pg_stat_tmp/pgstat.tmp": No space left on device
2013-09-07 14:00:09 NOVST LOG:  could not write temporary statistics file "pg_stat_tmp/pgstat.tmp": No space left on device
2013-09-07 14:00:09 NOVST LOG:  could not write temporary statistics file "pg_stat_tmp/pgstat.tmp": No space left on device
2013-09-07 14:00:09 NOVST LOG:  could not write temporary statistics file "pg_stat_tmp/pgstat.tmp": No space left on device
2013-09-07 14:00:09 NOVST LOG:  could not write temporary statistics file "pg_stat_tmp/pgstat.tmp": No space left on device
2013-09-07 14:00:09 NOVST LOG:  could not write temporary statistics file "pg_stat_tmp/pgstat.tmp": No space left on device
2013-09-07 14:00:09 NOVST LOG:  could not write temporary statistics file "pg_stat_tmp/pgstat.tmp": No space left on device
2013-09-07 14:00:09 NOVST LOG:  could not write temporary statistics file "pg_stat_tmp/pgstat.tmp": No space left on device
2013-09-07 14:00:09 NOVST LOG:  could not write temporary statistics file "pg_stat_tmp/pgstat.tmp": No space left on device
2013-09-07 14:00:09 NOVST LOG:  could not write temporary statistics file "pg_stat_tmp/pgstat.tmp": No space left on device
2013-09-07 14:00:09 NOVST LOG:  could not write temporary statistics file "pg_stat_tmp/pgstat.tmp": No space left on device
2013-09-07 14:00:09 NOVST LOG:  could not write temporary statistics file "pg_stat_tmp/pgstat.tmp": No space left on device
2013-09-07 14:00:09 NOVST LOG:  could not write temporary statistics file "pg_stat_tmp/pgstat.tmp": No space left on device
2013-09-07 14:00:09 NOVST LOG:  could not write temporary statistics file "pg_stat_tmp/pgstat.tmp": No space left on device
2013-09-07 14:00:09 NOVST LOG:  could not write temporary statistics file "pg_stat_tmp/pgstat.tmp": No space left on device
2013-09-07 14:00:09 NOVST LOG:  could not write temporary statistics file "pg_stat_tmp/pgstat.tmp": No space left on device
2013-09-07 14:00:09 NOVST LOG:  could not write temporary statistics file "pg_stat_tmp/pgstat.tmp": No space left on device
2013-09-07 14:00:09 NOVST LOG:  could not write temporary statistics file "pg_stat_tmp/pgstat.tmp": No space left on device
2013-09-07 14:00:09 NOVST LOG:  could not write temporary statistics file "pg_stat_tmp/pgstat.tmp": No space left on device
2013-09-07 14:00:09 NOVST LOG:  could not write temporary statistics file "pg_stat_tmp/pgstat.tmp": No space left on device
2013-09-07 14:00:09 NOVST LOG:  could not write temporary statistics file "pg_stat_tmp/pgstat.tmp": No space left on device
2013-09-07 14:00:09 NOVST LOG:  could not write temporary statistics file "pg_stat_tmp/pgstat.tmp": No space left on device
2013-09-07 14:00:09 NOVST LOG:  could not write temporary statistics file "pg_stat_tmp/pgstat.tmp": No space left on device
2013-09-07 14:00:09 NOVST LOG:  could not write temporary statistics file "pg_stat_tmp/pgstat.tmp": No space left on device
2013-09-07 14:00:09 NOVST LOG:  could not write temporary statistics file "pg_stat_tmp/pgstat.tmp": No space left on device
2013-09-07 14:00:09 NOVST LOG:  could not write temporary statistics file "pg_stat_tmp/pgstat.tmp": No space left on device
2013-09-07 14:00:09 NOVST LOG:  could not write temporary statistics file "pg_stat_tmp/pgstat.tmp": No space left on device
2013-09-07 14:00:09 NOVST LOG:  could not write temporary statistics file "pg_stat_tmp/pgstat.tmp": No space left on device
2013-09-07 14:00:09 NOVST LOG:  could not write temporary statistics file "pg_stat_tmp/pgstat.tmp": No space left on device
2013-09-07 14:00:09 NOVST LOG:  could not write temporary statistics file "pg_stat_tmp/pgstat.tmp": No space left on device
2013-09-07 14:00:09 NOVST LOG:  could not write temporary statistics file "pg_stat_tmp/pgstat.tmp": No space left on device
2013-09-07 14:00:09 NOVST LOG:  could not write temporary statistics file "pg_stat_tmp/pgstat.tmp": No space left on device
2013-09-07 14:00:09 NOVST LOG:  could not write temporary statistics file "pg_stat_tmp/pgstat.tmp": No space left on device
2013-09-07 14:00:09 NOVST LOG:  could not write temporary statistics file "pg_stat_tmp/pgstat.tmp": No space left on device
2013-09-07 14:00:09 NOVST LOG:  could not write temporary statistics file "pg_stat_tmp/pgstat.tmp": No space left on device
2013-09-07 14:00:09 NOVST LOG:  could not write temporary statistics file "pg_stat_tmp/pgstat.tmp": No space left on device
2013-09-07 14:00:09 NOVST LOG:  could not write temporary statistics file "pg_stat_tmp/pgstat.tmp": No space left on device
2013-09-07 14:00:09 NOVST LOG:  could not write temporary statistics file "pg_stat_tmp/pgstat.tmp": No space left on device
2013-09-07 14:00:09 NOVST LOG:  could not write temporary statistics file "pg_stat_tmp/pgstat.tmp": No space left on device
2013-09-07 14:00:09 NOVST LOG:  could not write temporary statistics file "pg_stat_tmp/pgstat.tmp": No space left on device
2013-09-07 14:00:09 NOVST LOG:  could not write temporary statistics file "pg_stat_tmp/pgstat.tmp": No space left on device
2013-09-07 14:00:09 NOVST LOG:  could not write temporary statistics file "pg_stat_tmp/pgstat.tmp": No space left on device
2013-09-07 14:00:09 NOVST LOG:  could not write temporary statistics file "pg_stat_tmp/pgstat.tmp": No space left on device
2013-09-07 14:00:09 NOVST LOG:  could not write temporary statistics file "pg_stat_tmp/pgstat.tmp": No space left on device
2013-09-07 14:00:09 NOVST LOG:  could not write temporary statistics file "pg_stat_tmp/pgstat.tmp": No space left on device
2013-09-07 14:00:09 NOVST LOG:  could not write temporary statistics file "pg_stat_tmp/pgstat.tmp": No space left on device
2013-09-07 14:00:09 NOVST LOG:  could not write temporary statistics file "pg_stat_tmp/pgstat.tmp": No space left on device
2013-09-07 14:00:10 NOVST LOG:  could not write temporary statistics file "pg_stat_tmp/pgstat.tmp": No space left on device
2013-09-07 14:00:10 NOVST LOG:  could not write temporary statistics file "pg_stat_tmp/pgstat.tmp": No space left on device
2013-09-07 14:00:10 NOVST LOG:  could not write temporary statistics file "pg_stat_tmp/pgstat.tmp": No space left on device
2013-09-07 14:00:10 NOVST LOG:  could not write temporary statistics file "pg_stat_tmp/pgstat.tmp": No space left on device
2013-09-07 14:00:10 NOVST LOG:  could not write temporary statistics file "pg_stat_tmp/pgstat.tmp": No space left on device
2013-09-07 14:00:10 NOVST LOG:  could not write temporary statistics file "pg_stat_tmp/pgstat.tmp": No space left on device
2013-09-07 14:00:10 NOVST LOG:  could not write temporary statistics file "pg_stat_tmp/pgstat.tmp": No space left on device
2013-09-07 14:00:10 NOVST LOG:  could not write temporary statistics file "pg_stat_tmp/pgstat.tmp": No space left on device
2013-09-07 14:00:10 NOVST LOG:  could not write temporary statistics file "pg_stat_tmp/pgstat.tmp": No space left on device
2013-09-07 14:00:10 NOVST LOG:  could not write temporary statistics file "pg_stat_tmp/pgstat.tmp": No space left on device
2013-09-07 14:00:10 NOVST LOG:  could not write temporary statistics file "pg_stat_tmp/pgstat.tmp": No space left on device
2013-09-07 14:00:10 NOVST LOG:  could not write temporary statistics file "pg_stat_tmp/pgstat.tmp": No space left on device
2013-09-07 14:00:10 NOVST LOG:  could not write temporary statistics file "pg_stat_tmp/pgstat.tmp": No space left on device
2013-09-07 14:00:10 NOVST LOG:  could not write temporary statistics file "pg_stat_tmp/pgstat.tmp": No space left on device
2013-09-07 14:00:10 NOVST LOG:  could not write temporary statistics file "pg_stat_tmp/pgstat.tmp": No space left on device
2013-09-07 14:00:10 NOVST LOG:  could not write temporary statistics file "pg_stat_tmp/pgstat.tmp": No space left on device
2013-09-07 14:00:10 NOVST LOG:  could not write temporary statistics file "pg_stat_tmp/pgstat.tmp": No space left on device
2013-09-07 14:00:10 NOVST LOG:  could not write temporary statistics file "pg_stat_tmp/pgstat.tmp": No space left on device
2013-09-07 14:00:10 NOVST LOG:  could not write temporary statistics file "pg_stat_tmp/pgstat.tmp": No space left on device
2013-09-07 14:00:10 NOVST LOG:  could not write temporary statistics file "pg_stat_tmp/pgstat.tmp": No space left on device
2013-09-07 14:00:10 NOVST LOG:  could not write temporary statistics file "pg_stat_tmp/pgstat.tmp": No space left on device
2013-09-07 14:00:10 NOVST LOG:  could not write temporary statistics file "pg_stat_tmp/pgstat.tmp": No space left on device
2013-09-07 14:00:10 NOVST LOG:  could not write temporary statistics file "pg_stat_tmp/pgstat.tmp": No space left on device
2013-09-07 14:00:10 NOVST LOG:  could not write temporary statistics file "pg_stat_tmp/pgstat.tmp": No space left on device
2013-09-07 14:00:10 NOVST LOG:  could not write temporary statistics file "pg_stat_tmp/pgstat.tmp": No space left on device
2013-09-07 14:00:10 NOVST LOG:  could not write temporary statistics file "pg_stat_tmp/pgstat.tmp": No space left on device
2013-09-07 14:00:10 NOVST LOG:  could not write temporary statistics file "pg_stat_tmp/pgstat.tmp": No space left on device
2013-09-07 14:00:10 NOVST LOG:  could not write temporary statistics file "pg_stat_tmp/pgstat.tmp": No space left on device
2013-09-07 14:00:10 NOVST LOG:  could not write temporary statistics file "pg_stat_tmp/pgstat.tmp": No space left on device
2013-09-07 14:00:10 NOVST LOG:  could not write temporary statistics file "pg_stat_tmp/pgstat.tmp": No space left on device
2013-09-07 14:00:10 NOVST LOG:  could not write temporary statistics file "pg_stat_tmp/pgstat.tmp": No space left on device
2013-09-07 14:00:10 NOVST LOG:  could not write temporary statistics file "pg_stat_tmp/pgstat.tmp": No space left on device
2013-09-07 14:00:10 NOVST LOG:  could not write temporary statistics file "pg_stat_tmp/pgstat.tmp": No space left on device
2013-09-07 14:00:10 NOVST LOG:  could not write temporary statistics file "pg_stat_tmp/pgstat.tmp": No space left on device
2013-09-07 14:00:10 NOVST LOG:  could not write temporary statistics file "pg_stat_tmp/pgstat.tmp": No space left on device
2013-09-07 14:00:10 NOVST LOG:  could not write temporary statistics file "pg_stat_tmp/pgstat.tmp": No space left on device
2013-09-07 14:00:10 NOVST LOG:  could not write temporary statistics file "pg_stat_tmp/pgstat.tmp": No space left on device
2013-09-07 14:00:10 NOVST LOG:  could not write temporary statistics file "pg_stat_tmp/pgstat.tmp": No space left on device
2013-09-07 14:00:10 NOVST LOG:  could not write temporary statistics file "pg_stat_tmp/pgstat.tmp": No space left on device
2013-09-07 14:00:10 NOVST LOG:  could not write temporary statistics file "pg_stat_tmp/pgstat.tmp": No space left on device
2013-09-07 14:00:10 NOVST LOG:  could not write temporary statistics file "pg_stat_tmp/pgstat.tmp": No space left on device
2013-09-07 14:00:10 NOVST LOG:  could not write temporary statistics file "pg_stat_tmp/pgstat.tmp": No space left on device
2013-09-07 14:00:10 NOVST LOG:  could not write temporary statistics file "pg_stat_tmp/pgstat.tmp": No space left on device
2013-09-07 14:00:10 NOVST LOG:  could not write temporary statistics file "pg_stat_tmp/pgstat.tmp": No space left on device
2013-09-07 14:00:10 NOVST LOG:  could not write temporary statistics file "pg_stat_tmp/pgstat.tmp": No space left on device
2013-09-07 14:00:10 NOVST LOG:  could not write temporary statistics file "pg_stat_tmp/pgstat.tmp": No space left on device
2013-09-07 14:00:10 NOVST LOG:  could not write temporary statistics file "pg_stat_tmp/pgstat.tmp": No space left on device
2013-09-07 14:00:10 NOVST LOG:  could not write temporary statistics file "pg_stat_tmp/pgstat.tmp": No space left on device
2013-09-07 14:00:10 NOVST LOG:  could not write temporary statistics file "pg_stat_tmp/pgstat.tmp": No space left on device
2013-09-07 14:00:10 NOVST LOG:  could not write temporary statistics file "pg_stat_tmp/pgstat.tmp": No space left on device
2013-09-07 14:00:10 NOVST LOG:  could not write temporary statistics file "pg_stat_tmp/pgstat.tmp": No space left on device
2013-09-07 14:00:10 NOVST LOG:  could not write temporary statistics file "pg_stat_tmp/pgstat.tmp": No space left on device
2013-09-07 14:00:10 NOVST LOG:  could not write temporary statistics file "pg_stat_tmp/pgstat.tmp": No space left on device
2013-09-07 14:00:10 NOVST LOG:  could not write temporary statistics file "pg_stat_tmp/pgstat.tmp": No space left on device
2013-09-07 14:00:10 NOVST LOG:  could not write temporary statistics file "pg_stat_tmp/pgstat.tmp": No space left on device
2013-09-07 14:00:10 NOVST LOG:  could not write temporary statistics file "pg_stat_tmp/pgstat.tmp": No space left on device
2013-09-07 14:00:10 NOVST LOG:  could not write temporary statistics file "pg_stat_tmp/pgstat.tmp": No space left on device
2013-09-07 14:00:10 NOVST LOG:  could not write temporary statistics file "pg_stat_tmp/pgstat.tmp": No space left on device
2013-09-07 14:00:10 NOVST LOG:  could not write temporary statistics file "pg_stat_tmp/pgstat.tmp": No space left on device
2013-09-07 14:00:10 NOVST LOG:  could not write temporary statistics file "pg_stat_tmp/pgstat.tmp": No space left on device
2013-09-07 14:00:10 NOVST LOG:  could not write temporary statistics file "pg_stat_tmp/pgstat.tmp": No space left on device
2013-09-07 14:00:10 NOVST LOG:  could not write temporary statistics file "pg_stat_tmp/pgstat.tmp": No space left on device
2013-09-07 14:00:10 NOVST LOG:  could not write temporary statistics file "pg_stat_tmp/pgstat.tmp": No space left on device
2013-09-07 14:00:10 NOVST LOG:  could not write temporary statistics file "pg_stat_tmp/pgstat.tmp": No space left on device
2013-09-07 14:00:10 NOVST LOG:  could not write temporary statistics file "pg_stat_tmp/pgstat.tmp": No space left on device
2013-09-07 14:00:10 NOVST LOG:  could not write temporary statistics file "pg_stat_tmp/pgstat.tmp": No space left on device
2013-09-07 14:00:12 NOVST WARNING:  pgstat wait timeout
2013-09-07 14:00:17 NOVST WARNING:  pgstat wait timeout
2013-09-07 14:11:14 NOVST LOG:  received fast shutdown request
2013-09-07 14:11:14 NOVST LOG:  aborting any active transactions
2013-09-07 14:11:14 NOVST LOG:  autovacuum launcher shutting down
2013-09-07 14:11:14 NOVST LOG:  shutting down
2013-09-07 14:11:14 NOVST LOG:  database system is shut down
