2012-05-05 11:39:52 NOVST FATAL:  password authentication failed for user "postgres"
2012-05-05 11:39:53 NOVST FATAL:  password authentication failed for user "postgres"
2012-05-05 11:40:00 NOVST FATAL:  password authentication failed for user "postgres"
2012-05-05 11:40:00 NOVST FATAL:  password authentication failed for user "postgres"
2012-05-05 11:40:05 NOVST FATAL:  password authentication failed for user "postgres"
2012-05-05 11:40:05 NOVST FATAL:  password authentication failed for user "postgres"
2012-05-05 11:41:31 NOVST ERROR:  cannot drop table books_client because other objects depend on it
2012-05-05 11:41:31 NOVST DETAIL:  constraint books_order_client_id_fkey on table books_order depends on table books_client
2012-05-05 11:41:31 NOVST HINT:  Use DROP ... CASCADE to drop the dependent objects too.
2012-05-05 11:41:31 NOVST STATEMENT:  DROP TABLE public.books_client
2012-05-05 11:41:39 NOVST ERROR:  cannot drop table books_worktype because other objects depend on it
2012-05-05 11:41:39 NOVST DETAIL:  constraint books_ordertype_work_type_worktype_id_fkey on table books_ordertype_work_type depends on table books_worktype
	constraint books_workdata_work_type_id_fkey on table books_workdata depends on table books_worktype
2012-05-05 11:41:39 NOVST HINT:  Use DROP ... CASCADE to drop the dependent objects too.
2012-05-05 11:41:39 NOVST STATEMENT:  DROP TABLE public.books_worktype
2012-05-05 11:41:50 NOVST ERROR:  cannot drop table books_order because other objects depend on it
2012-05-05 11:41:50 NOVST DETAIL:  constraint order_id_refs_id_7ebf964b on table books_order_presstype depends on table books_order
	constraint books_workdata_order_id_fkey on table books_workdata depends on table books_order
2012-05-05 11:41:50 NOVST HINT:  Use DROP ... CASCADE to drop the dependent objects too.
2012-05-05 11:41:50 NOVST STATEMENT:  DROP TABLE public.books_order
2012-05-05 11:42:12 NOVST ERROR:  cannot drop table books_papertype because other objects depend on it
2012-05-05 11:42:12 NOVST DETAIL:  constraint papertype_id_refs_id_d8972fb on table books_papertype_supplier depends on table books_papertype
	constraint books_paperprice_paper_type_id_fkey on table books_paperprice depends on table books_papertype
2012-05-05 11:42:12 NOVST HINT:  Use DROP ... CASCADE to drop the dependent objects too.
2012-05-05 11:42:12 NOVST STATEMENT:  DROP TABLE public.books_papertype
2012-05-05 12:04:18 NOVST LOG:  server process (PID 6772) was terminated by exception 0xC000012D
2012-05-05 12:04:18 NOVST HINT:  See C include file "ntstatus.h" for a description of the hexadecimal value.
2012-05-05 12:04:18 NOVST LOG:  terminating any other active server processes
2012-05-05 12:04:18 NOVST WARNING:  terminating connection because of crash of another server process
2012-05-05 12:04:18 NOVST DETAIL:  The postmaster has commanded this server process to roll back the current transaction and exit, because another server process exited abnormally and possibly corrupted shared memory.
2012-05-05 12:04:18 NOVST HINT:  In a moment you should be able to reconnect to the database and repeat your command.
2012-05-05 12:04:19 NOVST WARNING:  terminating connection because of crash of another server process
2012-05-05 12:04:20 NOVST DETAIL:  The postmaster has commanded this server process to roll back the current transaction and exit, because another server process exited abnormally and possibly corrupted shared memory.
2012-05-05 12:04:20 NOVST HINT:  In a moment you should be able to reconnect to the database and repeat your command.
2012-05-05 12:04:21 NOVST LOG:  all server processes terminated; reinitializing
2012-05-05 12:04:21 NOVST FATAL:  could not create shared memory segment: 1455
2012-05-05 12:04:21 NOVST DETAIL:  Failed system call was CreateFileMapping(size=37142528, name=Global/PostgreSQL:C:/djcode/db).
