2013-08-16 10:57:09 NOVST LOG:  could not write temporary statistics file "pg_stat_tmp/pgstat.tmp": No space left on device
2013-08-16 10:57:09 NOVST LOG:  could not write temporary statistics file "pg_stat_tmp/pgstat.tmp": No space left on device
2013-08-16 10:57:09 NOVST LOG:  could not write temporary statistics file "pg_stat_tmp/pgstat.tmp": No space left on device
2013-08-16 10:57:09 NOVST LOG:  could not write temporary statistics file "pg_stat_tmp/pgstat.tmp": No space left on device
2013-08-16 10:57:09 NOVST LOG:  could not write temporary statistics file "pg_stat_tmp/pgstat.tmp": No space left on device
2013-08-16 10:57:09 NOVST LOG:  could not write temporary statistics file "pg_stat_tmp/pgstat.tmp": No space left on device
2013-08-16 10:57:09 NOVST LOG:  could not write temporary statistics file "pg_stat_tmp/pgstat.tmp": No space left on device
2013-08-16 10:57:09 NOVST LOG:  could not write temporary statistics file "pg_stat_tmp/pgstat.tmp": No space left on device
2013-08-16 10:57:09 NOVST LOG:  could not write temporary statistics file "pg_stat_tmp/pgstat.tmp": No space left on device
2013-08-16 10:57:09 NOVST LOG:  could not write temporary statistics file "pg_stat_tmp/pgstat.tmp": No space left on device
2013-08-16 10:57:09 NOVST LOG:  could not write temporary statistics file "pg_stat_tmp/pgstat.tmp": No space left on device
2013-08-16 10:57:09 NOVST LOG:  could not write temporary statistics file "pg_stat_tmp/pgstat.tmp": No space left on device
2013-08-16 10:57:09 NOVST LOG:  could not write temporary statistics file "pg_stat_tmp/pgstat.tmp": No space left on device
2013-08-16 10:57:09 NOVST LOG:  could not write temporary statistics file "pg_stat_tmp/pgstat.tmp": No space left on device
2013-08-16 10:57:09 NOVST LOG:  could not write temporary statistics file "pg_stat_tmp/pgstat.tmp": No space left on device
2013-08-16 10:57:09 NOVST LOG:  could not write temporary statistics file "pg_stat_tmp/pgstat.tmp": No space left on device
2013-08-16 10:57:09 NOVST LOG:  could not write temporary statistics file "pg_stat_tmp/pgstat.tmp": No space left on device
2013-08-16 10:57:09 NOVST LOG:  could not write temporary statistics file "pg_stat_tmp/pgstat.tmp": No space left on device
2013-08-16 10:57:09 NOVST LOG:  could not write temporary statistics file "pg_stat_tmp/pgstat.tmp": No space left on device
2013-08-16 10:57:09 NOVST LOG:  could not write temporary statistics file "pg_stat_tmp/pgstat.tmp": No space left on device
2013-08-16 10:57:09 NOVST LOG:  could not write temporary statistics file "pg_stat_tmp/pgstat.tmp": No space left on device
2013-08-16 10:57:09 NOVST LOG:  could not write temporary statistics file "pg_stat_tmp/pgstat.tmp": No space left on device
2013-08-16 10:57:09 NOVST LOG:  could not write temporary statistics file "pg_stat_tmp/pgstat.tmp": No space left on device
2013-08-16 10:57:09 NOVST LOG:  could not write temporary statistics file "pg_stat_tmp/pgstat.tmp": No space left on device
2013-08-16 10:57:09 NOVST LOG:  could not write temporary statistics file "pg_stat_tmp/pgstat.tmp": No space left on device
2013-08-16 10:57:09 NOVST LOG:  could not write temporary statistics file "pg_stat_tmp/pgstat.tmp": No space left on device
2013-08-16 10:57:09 NOVST LOG:  could not write temporary statistics file "pg_stat_tmp/pgstat.tmp": No space left on device
2013-08-16 10:57:09 NOVST LOG:  could not write temporary statistics file "pg_stat_tmp/pgstat.tmp": No space left on device
2013-08-16 10:57:09 NOVST LOG:  could not write temporary statistics file "pg_stat_tmp/pgstat.tmp": No space left on device
2013-08-16 10:57:09 NOVST LOG:  could not write temporary statistics file "pg_stat_tmp/pgstat.tmp": No space left on device
2013-08-16 10:57:09 NOVST LOG:  could not write temporary statistics file "pg_stat_tmp/pgstat.tmp": No space left on device
2013-08-16 10:57:09 NOVST LOG:  could not write temporary statistics file "pg_stat_tmp/pgstat.tmp": No space left on device
2013-08-16 10:57:14 NOVST WARNING:  pgstat wait timeout
2013-08-16 11:27:12 NOVST LOG:  could not write temporary statistics file "pg_stat_tmp/pgstat.tmp": No space left on device
2013-08-16 11:28:49 NOVST LOG:  could not write temporary statistics file "pg_stat_tmp/pgstat.tmp": No space left on device
2013-08-16 11:28:49 NOVST LOG:  could not write temporary statistics file "pg_stat_tmp/pgstat.tmp": No space left on device
2013-08-16 11:28:49 NOVST LOG:  could not write temporary statistics file "pg_stat_tmp/pgstat.tmp": No space left on device
2013-08-16 11:28:49 NOVST LOG:  could not write temporary statistics file "pg_stat_tmp/pgstat.tmp": No space left on device
2013-08-16 11:28:49 NOVST LOG:  could not write temporary statistics file "pg_stat_tmp/pgstat.tmp": No space left on device
2013-08-16 11:28:49 NOVST LOG:  could not write temporary statistics file "pg_stat_tmp/pgstat.tmp": No space left on device
2013-08-16 11:28:49 NOVST LOG:  could not write temporary statistics file "pg_stat_tmp/pgstat.tmp": No space left on device
2013-08-16 11:28:49 NOVST LOG:  could not write temporary statistics file "pg_stat_tmp/pgstat.tmp": No space left on device
2013-08-16 11:28:49 NOVST LOG:  could not write temporary statistics file "pg_stat_tmp/pgstat.tmp": No space left on device
2013-08-16 11:28:49 NOVST LOG:  could not write temporary statistics file "pg_stat_tmp/pgstat.tmp": No space left on device
2013-08-16 11:28:49 NOVST LOG:  could not write temporary statistics file "pg_stat_tmp/pgstat.tmp": No space left on device
2013-08-16 11:28:49 NOVST LOG:  could not write temporary statistics file "pg_stat_tmp/pgstat.tmp": No space left on device
2013-08-16 11:28:49 NOVST LOG:  could not write temporary statistics file "pg_stat_tmp/pgstat.tmp": No space left on device
2013-08-16 11:28:49 NOVST LOG:  could not write temporary statistics file "pg_stat_tmp/pgstat.tmp": No space left on device
2013-08-16 11:28:49 NOVST LOG:  could not write temporary statistics file "pg_stat_tmp/pgstat.tmp": No space left on device
2013-08-16 11:28:49 NOVST LOG:  could not write temporary statistics file "pg_stat_tmp/pgstat.tmp": No space left on device
2013-08-16 11:28:49 NOVST LOG:  could not write temporary statistics file "pg_stat_tmp/pgstat.tmp": No space left on device
2013-08-16 11:28:49 NOVST LOG:  could not write temporary statistics file "pg_stat_tmp/pgstat.tmp": No space left on device
2013-08-16 11:28:49 NOVST LOG:  could not write temporary statistics file "pg_stat_tmp/pgstat.tmp": No space left on device
2013-08-16 11:28:49 NOVST LOG:  could not write temporary statistics file "pg_stat_tmp/pgstat.tmp": No space left on device
2013-08-16 11:28:49 NOVST LOG:  could not write temporary statistics file "pg_stat_tmp/pgstat.tmp": No space left on device
2013-08-16 11:28:49 NOVST LOG:  could not write temporary statistics file "pg_stat_tmp/pgstat.tmp": No space left on device
2013-08-16 11:28:49 NOVST LOG:  could not write temporary statistics file "pg_stat_tmp/pgstat.tmp": No space left on device
2013-08-16 11:28:49 NOVST LOG:  could not write temporary statistics file "pg_stat_tmp/pgstat.tmp": No space left on device
2013-08-16 11:28:49 NOVST LOG:  could not write temporary statistics file "pg_stat_tmp/pgstat.tmp": No space left on device
2013-08-16 11:28:49 NOVST LOG:  could not write temporary statistics file "pg_stat_tmp/pgstat.tmp": No space left on device
2013-08-16 11:28:49 NOVST LOG:  could not write temporary statistics file "pg_stat_tmp/pgstat.tmp": No space left on device
2013-08-16 11:28:49 NOVST LOG:  could not write temporary statistics file "pg_stat_tmp/pgstat.tmp": No space left on device
2013-08-16 11:28:49 NOVST LOG:  could not write temporary statistics file "pg_stat_tmp/pgstat.tmp": No space left on device
2013-08-16 11:28:49 NOVST LOG:  could not write temporary statistics file "pg_stat_tmp/pgstat.tmp": No space left on device
2013-08-16 11:28:49 NOVST LOG:  could not write temporary statistics file "pg_stat_tmp/pgstat.tmp": No space left on device
2013-08-16 11:28:49 NOVST LOG:  could not write temporary statistics file "pg_stat_tmp/pgstat.tmp": No space left on device
2013-08-16 11:28:49 NOVST LOG:  could not write temporary statistics file "pg_stat_tmp/pgstat.tmp": No space left on device
2013-08-16 11:28:49 NOVST LOG:  could not write temporary statistics file "pg_stat_tmp/pgstat.tmp": No space left on device
2013-08-16 11:28:49 NOVST LOG:  could not write temporary statistics file "pg_stat_tmp/pgstat.tmp": No space left on device
2013-08-16 11:28:49 NOVST LOG:  could not write temporary statistics file "pg_stat_tmp/pgstat.tmp": No space left on device
2013-08-16 11:28:49 NOVST LOG:  could not write temporary statistics file "pg_stat_tmp/pgstat.tmp": No space left on device
2013-08-16 11:28:49 NOVST LOG:  could not write temporary statistics file "pg_stat_tmp/pgstat.tmp": No space left on device
2013-08-16 11:28:49 NOVST LOG:  could not write temporary statistics file "pg_stat_tmp/pgstat.tmp": No space left on device
2013-08-16 11:28:49 NOVST LOG:  could not write temporary statistics file "pg_stat_tmp/pgstat.tmp": No space left on device
2013-08-16 11:28:49 NOVST LOG:  could not write temporary statistics file "pg_stat_tmp/pgstat.tmp": No space left on device
2013-08-16 11:28:49 NOVST LOG:  could not write temporary statistics file "pg_stat_tmp/pgstat.tmp": No space left on device
2013-08-16 11:28:49 NOVST LOG:  could not write temporary statistics file "pg_stat_tmp/pgstat.tmp": No space left on device
2013-08-16 11:28:49 NOVST LOG:  could not write temporary statistics file "pg_stat_tmp/pgstat.tmp": No space left on device
2013-08-16 11:28:49 NOVST LOG:  could not write temporary statistics file "pg_stat_tmp/pgstat.tmp": No space left on device
2013-08-16 11:28:49 NOVST LOG:  could not write temporary statistics file "pg_stat_tmp/pgstat.tmp": No space left on device
2013-08-16 11:28:49 NOVST LOG:  could not write temporary statistics file "pg_stat_tmp/pgstat.tmp": No space left on device
2013-08-16 11:28:49 NOVST LOG:  could not write temporary statistics file "pg_stat_tmp/pgstat.tmp": No space left on device
2013-08-16 11:28:49 NOVST LOG:  could not write temporary statistics file "pg_stat_tmp/pgstat.tmp": No space left on device
2013-08-16 11:28:49 NOVST LOG:  could not write temporary statistics file "pg_stat_tmp/pgstat.tmp": No space left on device
2013-08-16 11:28:49 NOVST LOG:  could not write temporary statistics file "pg_stat_tmp/pgstat.tmp": No space left on device
2013-08-16 11:28:49 NOVST LOG:  could not write temporary statistics file "pg_stat_tmp/pgstat.tmp": No space left on device
2013-08-16 11:28:49 NOVST LOG:  could not write temporary statistics file "pg_stat_tmp/pgstat.tmp": No space left on device
2013-08-16 11:28:50 NOVST LOG:  could not write temporary statistics file "pg_stat_tmp/pgstat.tmp": No space left on device
2013-08-16 11:28:50 NOVST LOG:  could not write temporary statistics file "pg_stat_tmp/pgstat.tmp": No space left on device
2013-08-16 11:28:50 NOVST LOG:  could not write temporary statistics file "pg_stat_tmp/pgstat.tmp": No space left on device
2013-08-16 11:28:50 NOVST LOG:  could not write temporary statistics file "pg_stat_tmp/pgstat.tmp": No space left on device
2013-08-16 11:28:50 NOVST LOG:  could not write temporary statistics file "pg_stat_tmp/pgstat.tmp": No space left on device
2013-08-16 11:28:50 NOVST LOG:  could not write temporary statistics file "pg_stat_tmp/pgstat.tmp": No space left on device
2013-08-16 11:28:50 NOVST LOG:  could not write temporary statistics file "pg_stat_tmp/pgstat.tmp": No space left on device
2013-08-16 11:28:50 NOVST LOG:  could not write temporary statistics file "pg_stat_tmp/pgstat.tmp": No space left on device
2013-08-16 11:28:50 NOVST LOG:  could not write temporary statistics file "pg_stat_tmp/pgstat.tmp": No space left on device
2013-08-16 11:28:50 NOVST LOG:  could not write temporary statistics file "pg_stat_tmp/pgstat.tmp": No space left on device
2013-08-16 11:28:50 NOVST LOG:  could not write temporary statistics file "pg_stat_tmp/pgstat.tmp": No space left on device
2013-08-16 11:28:50 NOVST LOG:  could not write temporary statistics file "pg_stat_tmp/pgstat.tmp": No space left on device
2013-08-16 11:28:50 NOVST LOG:  could not write temporary statistics file "pg_stat_tmp/pgstat.tmp": No space left on device
2013-08-16 11:28:50 NOVST LOG:  could not write temporary statistics file "pg_stat_tmp/pgstat.tmp": No space left on device
2013-08-16 11:28:50 NOVST LOG:  could not write temporary statistics file "pg_stat_tmp/pgstat.tmp": No space left on device
2013-08-16 11:28:50 NOVST LOG:  could not write temporary statistics file "pg_stat_tmp/pgstat.tmp": No space left on device
2013-08-16 11:28:50 NOVST LOG:  could not write temporary statistics file "pg_stat_tmp/pgstat.tmp": No space left on device
2013-08-16 11:28:50 NOVST LOG:  could not write temporary statistics file "pg_stat_tmp/pgstat.tmp": No space left on device
2013-08-16 11:28:50 NOVST LOG:  could not write temporary statistics file "pg_stat_tmp/pgstat.tmp": No space left on device
2013-08-16 11:28:50 NOVST LOG:  could not write temporary statistics file "pg_stat_tmp/pgstat.tmp": No space left on device
2013-08-16 11:28:50 NOVST LOG:  could not write temporary statistics file "pg_stat_tmp/pgstat.tmp": No space left on device
2013-08-16 11:28:50 NOVST LOG:  could not write temporary statistics file "pg_stat_tmp/pgstat.tmp": No space left on device
2013-08-16 11:28:50 NOVST LOG:  could not write temporary statistics file "pg_stat_tmp/pgstat.tmp": No space left on device
2013-08-16 11:28:50 NOVST LOG:  could not write temporary statistics file "pg_stat_tmp/pgstat.tmp": No space left on device
2013-08-16 11:28:50 NOVST LOG:  could not write temporary statistics file "pg_stat_tmp/pgstat.tmp": No space left on device
2013-08-16 11:28:50 NOVST LOG:  could not write temporary statistics file "pg_stat_tmp/pgstat.tmp": No space left on device
2013-08-16 11:28:50 NOVST LOG:  could not write temporary statistics file "pg_stat_tmp/pgstat.tmp": No space left on device
2013-08-16 11:28:50 NOVST LOG:  could not write temporary statistics file "pg_stat_tmp/pgstat.tmp": No space left on device
2013-08-16 11:28:50 NOVST LOG:  could not write temporary statistics file "pg_stat_tmp/pgstat.tmp": No space left on device
2013-08-16 11:28:50 NOVST LOG:  could not write temporary statistics file "pg_stat_tmp/pgstat.tmp": No space left on device
2013-08-16 11:28:50 NOVST LOG:  could not write temporary statistics file "pg_stat_tmp/pgstat.tmp": No space left on device
2013-08-16 11:28:50 NOVST LOG:  could not write temporary statistics file "pg_stat_tmp/pgstat.tmp": No space left on device
2013-08-16 11:28:50 NOVST LOG:  could not write temporary statistics file "pg_stat_tmp/pgstat.tmp": No space left on device
2013-08-16 11:28:50 NOVST LOG:  could not write temporary statistics file "pg_stat_tmp/pgstat.tmp": No space left on device
2013-08-16 11:28:50 NOVST LOG:  could not write temporary statistics file "pg_stat_tmp/pgstat.tmp": No space left on device
2013-08-16 11:28:50 NOVST LOG:  could not write temporary statistics file "pg_stat_tmp/pgstat.tmp": No space left on device
2013-08-16 11:28:50 NOVST LOG:  could not write temporary statistics file "pg_stat_tmp/pgstat.tmp": No space left on device
2013-08-16 11:28:50 NOVST LOG:  could not write temporary statistics file "pg_stat_tmp/pgstat.tmp": No space left on device
2013-08-16 11:28:50 NOVST LOG:  could not write temporary statistics file "pg_stat_tmp/pgstat.tmp": No space left on device
2013-08-16 11:28:50 NOVST LOG:  could not write temporary statistics file "pg_stat_tmp/pgstat.tmp": No space left on device
2013-08-16 11:28:50 NOVST LOG:  could not write temporary statistics file "pg_stat_tmp/pgstat.tmp": No space left on device
2013-08-16 11:28:50 NOVST LOG:  could not write temporary statistics file "pg_stat_tmp/pgstat.tmp": No space left on device
2013-08-16 11:28:50 NOVST LOG:  could not write temporary statistics file "pg_stat_tmp/pgstat.tmp": No space left on device
2013-08-16 11:28:50 NOVST LOG:  could not write temporary statistics file "pg_stat_tmp/pgstat.tmp": No space left on device
2013-08-16 11:28:50 NOVST LOG:  could not write temporary statistics file "pg_stat_tmp/pgstat.tmp": No space left on device
2013-08-16 11:28:50 NOVST LOG:  could not write temporary statistics file "pg_stat_tmp/pgstat.tmp": No space left on device
2013-08-16 11:28:50 NOVST LOG:  could not write temporary statistics file "pg_stat_tmp/pgstat.tmp": No space left on device
2013-08-16 11:28:50 NOVST LOG:  could not write temporary statistics file "pg_stat_tmp/pgstat.tmp": No space left on device
2013-08-16 11:28:50 NOVST LOG:  could not write temporary statistics file "pg_stat_tmp/pgstat.tmp": No space left on device
2013-08-16 11:28:50 NOVST LOG:  could not write temporary statistics file "pg_stat_tmp/pgstat.tmp": No space left on device
2013-08-16 11:28:50 NOVST LOG:  could not write temporary statistics file "pg_stat_tmp/pgstat.tmp": No space left on device
2013-08-16 11:28:50 NOVST LOG:  could not write temporary statistics file "pg_stat_tmp/pgstat.tmp": No space left on device
2013-08-16 11:28:50 NOVST LOG:  could not write temporary statistics file "pg_stat_tmp/pgstat.tmp": No space left on device
2013-08-16 11:28:50 NOVST LOG:  could not write temporary statistics file "pg_stat_tmp/pgstat.tmp": No space left on device
2013-08-16 11:28:50 NOVST LOG:  could not write temporary statistics file "pg_stat_tmp/pgstat.tmp": No space left on device
2013-08-16 11:28:50 NOVST LOG:  could not write temporary statistics file "pg_stat_tmp/pgstat.tmp": No space left on device
2013-08-16 11:28:50 NOVST LOG:  could not write temporary statistics file "pg_stat_tmp/pgstat.tmp": No space left on device
2013-08-16 11:28:50 NOVST LOG:  could not write temporary statistics file "pg_stat_tmp/pgstat.tmp": No space left on device
2013-08-16 11:28:50 NOVST LOG:  could not write temporary statistics file "pg_stat_tmp/pgstat.tmp": No space left on device
2013-08-16 11:28:50 NOVST LOG:  could not write temporary statistics file "pg_stat_tmp/pgstat.tmp": No space left on device
2013-08-16 11:28:50 NOVST LOG:  could not write temporary statistics file "pg_stat_tmp/pgstat.tmp": No space left on device
2013-08-16 11:28:50 NOVST LOG:  could not write temporary statistics file "pg_stat_tmp/pgstat.tmp": No space left on device
2013-08-16 11:28:50 NOVST LOG:  could not write temporary statistics file "pg_stat_tmp/pgstat.tmp": No space left on device
2013-08-16 11:28:50 NOVST LOG:  could not write temporary statistics file "pg_stat_tmp/pgstat.tmp": No space left on device
2013-08-16 11:28:50 NOVST LOG:  could not write temporary statistics file "pg_stat_tmp/pgstat.tmp": No space left on device
2013-08-16 11:28:50 NOVST LOG:  could not write temporary statistics file "pg_stat_tmp/pgstat.tmp": No space left on device
2013-08-16 11:28:50 NOVST LOG:  could not write temporary statistics file "pg_stat_tmp/pgstat.tmp": No space left on device
2013-08-16 11:28:50 NOVST LOG:  could not write temporary statistics file "pg_stat_tmp/pgstat.tmp": No space left on device
2013-08-16 11:28:50 NOVST LOG:  could not write temporary statistics file "pg_stat_tmp/pgstat.tmp": No space left on device
2013-08-16 11:28:50 NOVST LOG:  could not write temporary statistics file "pg_stat_tmp/pgstat.tmp": No space left on device
2013-08-16 11:28:50 NOVST LOG:  could not write temporary statistics file "pg_stat_tmp/pgstat.tmp": No space left on device
2013-08-16 11:28:50 NOVST LOG:  could not write temporary statistics file "pg_stat_tmp/pgstat.tmp": No space left on device
2013-08-16 11:28:50 NOVST LOG:  could not write temporary statistics file "pg_stat_tmp/pgstat.tmp": No space left on device
2013-08-16 11:28:50 NOVST LOG:  could not write temporary statistics file "pg_stat_tmp/pgstat.tmp": No space left on device
2013-08-16 11:28:50 NOVST LOG:  could not write temporary statistics file "pg_stat_tmp/pgstat.tmp": No space left on device
2013-08-16 11:28:50 NOVST LOG:  could not write temporary statistics file "pg_stat_tmp/pgstat.tmp": No space left on device
2013-08-16 11:28:50 NOVST LOG:  could not write temporary statistics file "pg_stat_tmp/pgstat.tmp": No space left on device
2013-08-16 11:42:13 NOVST LOG:  received fast shutdown request
2013-08-16 11:42:13 NOVST LOG:  aborting any active transactions
2013-08-16 11:42:13 NOVST LOG:  autovacuum launcher shutting down
2013-08-16 11:42:13 NOVST LOG:  shutting down
2013-08-16 11:42:13 NOVST LOG:  database system is shut down
